<?xml version="1.0" encoding="utf-8" ?>
<!DOCTYPE html PUBLIC "-//W3C//DTD XHTML 1.0 Strict//EN"
        "http://www.w3.org/TR/xhtml1/DTD/xhtml1-strict.dtd">
<html xmlns="http://www.w3.org/1999/xhtml" xml:lang="" lang="">
<head>
  <title>Test Results Report - Various Tests</title>
  <meta http-equiv="Content-Type" content="text/html;charset=utf-8" />
  <meta name="description" content="TestNG unit test results." />
  <link href="reportng.css" rel="stylesheet" type="text/css" />
    <script type="text/javascript" src="reportng.js"></script>
</head>
<body>
<h1>Various Tests</h1>
<p>
  Test duration: 159.097s
</p>



  <table class="resultsTable">
    <tr><th colspan="3" class="header failed">Failed Tests</th></tr>
          <tr>
        <td colspan="3" class="group">com.automation.testsuite.CreateAccountPageTest</td>
      </tr>
            
<tr>
  <td class="method">
                  verifyThatUserShouldCreateAccountSuccessfully
      </td>
  <td class="duration">
    51.488s
  </td>
  <td class="result">
        
    
            <div class="testOutput">
                        Clicking on Sign In Link [[ChromeDriver: chrome on WINDOWS (f1e15b687b108119868cd5bb8d885d90)] -&gt; xpath: //a[contains(text(),&apos;Sign in&apos;)]]&lt;br&gt;<br />
                                Enter Email addressSamantha90@gmail.com to email field [[ChromeDriver: chrome on WINDOWS (f1e15b687b108119868cd5bb8d885d90)] -&gt; id: email_create]&lt;br&gt;<br />
                                Clicking on Create An Account Button [[ChromeDriver: chrome on WINDOWS (f1e15b687b108119868cd5bb8d885d90)] -&gt; id: SubmitCreate]&lt;br&gt;<br />
                                Clicking on radio button[[ChromeDriver: chrome on WINDOWS (f1e15b687b108119868cd5bb8d885d90)] -&gt; xpath: //div[@class=&apos;radio&apos;]]&lt;br&gt;<br />
                                Entering first name in firstNameBox[[ChromeDriver: chrome on WINDOWS (f1e15b687b108119868cd5bb8d885d90)] -&gt; id: customer_firstname]&lt;br&gt;<br />
                                Entering last name in lastNameBox[[ChromeDriver: chrome on WINDOWS (f1e15b687b108119868cd5bb8d885d90)] -&gt; id: customer_lastname]&lt;br&gt;<br />
                                Entering password in passwordBox[[ChromeDriver: chrome on WINDOWS (f1e15b687b108119868cd5bb8d885d90)] -&gt; id: passwd]&lt;br&gt;<br />
                                Entering address details in text box [[ChromeDriver: chrome on WINDOWS (f1e15b687b108119868cd5bb8d885d90)] -&gt; id: address1]&lt;br&gt;<br />
                                Entering city name in address details text box [[ChromeDriver: chrome on WINDOWS (f1e15b687b108119868cd5bb8d885d90)] -&gt; id: city]&lt;br&gt;<br />
                                Select state name in address details text box [[ChromeDriver: chrome on WINDOWS (f1e15b687b108119868cd5bb8d885d90)] -&gt; id: id_state]&lt;br&gt;<br />
                  </div>
    

        <a href="javascript:toggleElement('exception-0', 'block')" title="Click to expand/collapse"><b>org.openqa.selenium.NoSuchElementException: Cannot locate option with text: United States<br/>
For documentation on this error, please visit: https://selenium.dev/exceptions/#no_such_element<br/>
Build info: version: &apos;4.1.4&apos;, revision: &apos;535d840ee2&apos;<br/>
System info: host: &apos;BINDI&apos;, ip: &apos;192.168.1.84&apos;, os.name: &apos;Windows 10&apos;, os.arch: &apos;amd64&apos;, os.version: &apos;10.0&apos;, java.version: &apos;1.8.0_121&apos;<br/>
Driver info: driver.version: unknown</b></a><br />
    <div class="stackTrace" id="exception-0">
              org.openqa.selenium.support.ui.Select.selectByVisibleText(Select.java:151)<br />
              com.automation.utility.Utility.selectByVisibleTextFromDropDown(Utility.java:148)<br />
              com.automation.pages.CreateAccountPage.selectYourStateDetailsFromDropDown(CreateAccountPage.java:109)<br />
              com.automation.testsuite.CreateAccountPageTest.verifyThatUserShouldCreateAccountSuccessfully(CreateAccountPageTest.java:36)<br />
              sun.reflect.NativeMethodAccessorImpl.invoke0(Native Method)<br />
              sun.reflect.NativeMethodAccessorImpl.invoke(NativeMethodAccessorImpl.java:62)<br />
              sun.reflect.DelegatingMethodAccessorImpl.invoke(DelegatingMethodAccessorImpl.java:43)<br />
              java.lang.reflect.Method.invoke(Method.java:498)<br />
              org.testng.internal.invokers.MethodInvocationHelper.invokeMethod(MethodInvocationHelper.java:135)<br />
              org.testng.internal.invokers.TestInvoker.invokeMethod(TestInvoker.java:673)<br />
              org.testng.internal.invokers.TestInvoker.invokeTestMethod(TestInvoker.java:220)<br />
              org.testng.internal.invokers.MethodRunner.runInSequence(MethodRunner.java:50)<br />
              org.testng.internal.invokers.TestInvoker$MethodInvocationAgent.invoke(TestInvoker.java:945)<br />
              org.testng.internal.invokers.TestInvoker.invokeTestMethods(TestInvoker.java:193)<br />
              org.testng.internal.invokers.TestMethodWorker.invokeTestMethods(TestMethodWorker.java:146)<br />
              org.testng.internal.invokers.TestMethodWorker.run(TestMethodWorker.java:128)<br />
              java.util.ArrayList.forEach(ArrayList.java:1249)<br />
              org.testng.TestRunner.privateRun(TestRunner.java:808)<br />
              org.testng.TestRunner.run(TestRunner.java:603)<br />
              org.testng.SuiteRunner.runTest(SuiteRunner.java:429)<br />
              org.testng.SuiteRunner.runSequentially(SuiteRunner.java:423)<br />
              org.testng.SuiteRunner.privateRun(SuiteRunner.java:383)<br />
              org.testng.SuiteRunner.run(SuiteRunner.java:326)<br />
              org.testng.SuiteRunnerWorker.runSuite(SuiteRunnerWorker.java:52)<br />
              org.testng.SuiteRunnerWorker.run(SuiteRunnerWorker.java:95)<br />
              org.testng.TestNG.runSuitesSequentially(TestNG.java:1249)<br />
              org.testng.TestNG.runSuitesLocally(TestNG.java:1169)<br />
              org.testng.TestNG.runSuites(TestNG.java:1092)<br />
              org.testng.TestNG.run(TestNG.java:1060)<br />
              com.intellij.rt.testng.IDEARemoteTestNG.run(IDEARemoteTestNG.java:66)<br />
              com.intellij.rt.testng.RemoteTestNGStarter.main(RemoteTestNGStarter.java:109)<br />
                </div>
      </td>
</tr>
          <tr>
        <td colspan="3" class="group">com.automation.testsuite.WomenCategoryPageTest</td>
      </tr>
            
<tr>
  <td class="method">
                  verifyUserShouldAddProductToTheCartSuccessfully
      </td>
  <td class="duration">
    0.000s
  </td>
  <td class="result">
        
    
        

        <a href="javascript:toggleElement('exception-1', 'block')" title="Click to expand/collapse"><b>org.testng.TestNGException: <br/>
Method public void com.automation.testsuite.WomenCategoryPageTest.verifyUserShouldAddProductToTheCartSuccessfully(java.lang.String,java.lang.String,java.lang.String,java.lang.String) requires a @DataProvider named : cart in class resources.testdata.TestData</b></a><br />
    <div class="stackTrace" id="exception-1">
              org.testng.internal.Parameters.findDataProvider(Parameters.java:516)<br />
              org.testng.internal.Parameters.handleParameters(Parameters.java:739)<br />
              org.testng.internal.Parameters.handleParameters(Parameters.java:704)<br />
              org.testng.internal.invokers.ParameterHandler.handleParameters(ParameterHandler.java:70)<br />
              org.testng.internal.invokers.ParameterHandler.createParameters(ParameterHandler.java:49)<br />
              org.testng.internal.invokers.TestInvoker$MethodInvocationAgent.invoke(TestInvoker.java:904)<br />
              org.testng.internal.invokers.TestInvoker.invokeTestMethods(TestInvoker.java:193)<br />
              org.testng.internal.invokers.TestMethodWorker.invokeTestMethods(TestMethodWorker.java:146)<br />
              org.testng.internal.invokers.TestMethodWorker.run(TestMethodWorker.java:128)<br />
              java.util.ArrayList.forEach(ArrayList.java:1249)<br />
              org.testng.TestRunner.privateRun(TestRunner.java:808)<br />
              org.testng.TestRunner.run(TestRunner.java:603)<br />
              org.testng.SuiteRunner.runTest(SuiteRunner.java:429)<br />
              org.testng.SuiteRunner.runSequentially(SuiteRunner.java:423)<br />
              org.testng.SuiteRunner.privateRun(SuiteRunner.java:383)<br />
              org.testng.SuiteRunner.run(SuiteRunner.java:326)<br />
              org.testng.SuiteRunnerWorker.runSuite(SuiteRunnerWorker.java:52)<br />
              org.testng.SuiteRunnerWorker.run(SuiteRunnerWorker.java:95)<br />
              org.testng.TestNG.runSuitesSequentially(TestNG.java:1249)<br />
              org.testng.TestNG.runSuitesLocally(TestNG.java:1169)<br />
              org.testng.TestNG.runSuites(TestNG.java:1092)<br />
              org.testng.TestNG.run(TestNG.java:1060)<br />
              com.intellij.rt.testng.IDEARemoteTestNG.run(IDEARemoteTestNG.java:66)<br />
              com.intellij.rt.testng.RemoteTestNGStarter.main(RemoteTestNGStarter.java:109)<br />
                </div>
      </td>
</tr>
      </table>


  <table class="resultsTable">
    <tr><th colspan="3" class="header passed">Passed Tests</th></tr>
          <tr>
        <td colspan="3" class="group">com.automation.testsuite.SignPageTest</td>
      </tr>
            
<tr>
  <td class="method">
                  userShouldNavigateToSignInPageSuccessFully
      </td>
  <td class="duration">
    3.129s
  </td>
  <td class="result">
        
    
            <div class="testOutput">
                        Clicking on Sign In Link [[ChromeDriver: chrome on WINDOWS (c1299190d0a1a8db053893400e8e4ea5)] -&gt; xpath: //a[contains(text(),&apos;Sign in&apos;)]]&lt;br&gt;<br />
                                Verifying Authentication Message [[ChromeDriver: chrome on WINDOWS (c1299190d0a1a8db053893400e8e4ea5)] -&gt; xpath: //h1[contains(text(),&apos;Authentication&apos;)]]&lt;br&gt;<br />
                  </div>
    

      </td>
</tr>
<tr>
  <td class="method">
                  verifyThatUserShouldLogInSuccessFullyWithValidCredentials
      </td>
  <td class="duration">
    3.453s
  </td>
  <td class="result">
        
    
            <div class="testOutput">
                        Clicking on Sign In Link [[ChromeDriver: chrome on WINDOWS (e31aa508588caab3d606115aca0bd7d1)] -&gt; xpath: //a[contains(text(),&apos;Sign in&apos;)]]&lt;br&gt;<br />
                                Enter usernameField Samantha007@gmail.com to username field [[ChromeDriver: chrome on WINDOWS (e31aa508588caab3d606115aca0bd7d1)] -&gt; id: email]&lt;br&gt;<br />
                                Enter password Asdfg909 to password field [[ChromeDriver: chrome on WINDOWS (e31aa508588caab3d606115aca0bd7d1)] -&gt; id: passwd]&lt;br&gt;<br />
                                Clicking on Sign In Button [[ChromeDriver: chrome on WINDOWS (e31aa508588caab3d606115aca0bd7d1)] -&gt; id: SubmitLogin]&lt;br&gt;<br />
                                Verifying that SignOut Link Is Displayed Text [[ChromeDriver: chrome on WINDOWS (e31aa508588caab3d606115aca0bd7d1)] -&gt; link text: Sign out]&lt;br&gt;<br />
                  </div>
    

      </td>
</tr>
<tr>
  <td class="method">
                  verifyThatUserShouldLogOutSuccessFully
      </td>
  <td class="duration">
    5.524s
  </td>
  <td class="result">
        
    
            <div class="testOutput">
                        Clicking on Sign In Link [[ChromeDriver: chrome on WINDOWS (f0d5d3b96612a32d40700d215dd9ec7b)] -&gt; xpath: //a[contains(text(),&apos;Sign in&apos;)]]&lt;br&gt;<br />
                                Enter usernameField Samantha007@gmail.com to username field [[ChromeDriver: chrome on WINDOWS (f0d5d3b96612a32d40700d215dd9ec7b)] -&gt; id: email]&lt;br&gt;<br />
                                Enter password Asdfg909 to password field [[ChromeDriver: chrome on WINDOWS (f0d5d3b96612a32d40700d215dd9ec7b)] -&gt; id: passwd]&lt;br&gt;<br />
                                Clicking on Sign In Button [[ChromeDriver: chrome on WINDOWS (f0d5d3b96612a32d40700d215dd9ec7b)] -&gt; id: SubmitLogin]&lt;br&gt;<br />
                                Clicking on Sign Out Link [[ChromeDriver: chrome on WINDOWS (f0d5d3b96612a32d40700d215dd9ec7b)] -&gt; link text: Sign out]&lt;br&gt;<br />
                                Clicking on Sign In Link Text[[ChromeDriver: chrome on WINDOWS (f0d5d3b96612a32d40700d215dd9ec7b)] -&gt; xpath: //a[contains(text(),&apos;Sign in&apos;)]]&lt;br&gt;<br />
                  </div>
    

      </td>
</tr>
<tr>
  <td class="method">
                  verifyTheErrorMessageWithInValidCredentials
      </td>
  <td class="duration">
    7.507s
  </td>
  <td class="result">
        
          <i>Method arguments: </i><span class="arguments">"", "123456", "An email address required."</span><br />
    
            <div class="testOutput">
                        Clicking on Sign In Link [[ChromeDriver: chrome on WINDOWS (dd88d52f065f8ede11bc7bbca90f1e5b)] -&gt; xpath: //a[contains(text(),&apos;Sign in&apos;)]]&lt;br&gt;<br />
                                Enter usernameField&nbsp; to username field [[ChromeDriver: chrome on WINDOWS (dd88d52f065f8ede11bc7bbca90f1e5b)] -&gt; id: email]&lt;br&gt;<br />
                                Enter password 123456 to password field [[ChromeDriver: chrome on WINDOWS (dd88d52f065f8ede11bc7bbca90f1e5b)] -&gt; id: passwd]&lt;br&gt;<br />
                                Clicking on Sign In Button [[ChromeDriver: chrome on WINDOWS (dd88d52f065f8ede11bc7bbca90f1e5b)] -&gt; id: SubmitLogin]&lt;br&gt;<br />
                                Verifying Error Message Text [[ChromeDriver: chrome on WINDOWS (dd88d52f065f8ede11bc7bbca90f1e5b)] -&gt; xpath: //body/div[@id=&apos;page&apos;]/div[2]/div[1]/div[3]/div[1]/div[1]]&lt;br&gt;<br />
                  </div>
    

      </td>
</tr>
<tr>
  <td class="method">
                  verifyTheErrorMessageWithInValidCredentials
      </td>
  <td class="duration">
    11.793s
  </td>
  <td class="result">
        
          <i>Method arguments: </i><span class="arguments">"adfdfgfg", "123456", "Invalid email address."</span><br />
    
            <div class="testOutput">
                        Clicking on Sign In Link [[ChromeDriver: chrome on WINDOWS (b6c6d0b829e7bc05de4df4d1f0e3a23f)] -&gt; xpath: //a[contains(text(),&apos;Sign in&apos;)]]&lt;br&gt;<br />
                                Enter usernameField adfdfgfg to username field [[ChromeDriver: chrome on WINDOWS (b6c6d0b829e7bc05de4df4d1f0e3a23f)] -&gt; id: email]&lt;br&gt;<br />
                                Enter password 123456 to password field [[ChromeDriver: chrome on WINDOWS (b6c6d0b829e7bc05de4df4d1f0e3a23f)] -&gt; id: passwd]&lt;br&gt;<br />
                                Clicking on Sign In Button [[ChromeDriver: chrome on WINDOWS (b6c6d0b829e7bc05de4df4d1f0e3a23f)] -&gt; id: SubmitLogin]&lt;br&gt;<br />
                                Verifying Error Message Text [[ChromeDriver: chrome on WINDOWS (b6c6d0b829e7bc05de4df4d1f0e3a23f)] -&gt; xpath: //body/div[@id=&apos;page&apos;]/div[2]/div[1]/div[3]/div[1]/div[1]]&lt;br&gt;<br />
                  </div>
    

      </td>
</tr>
<tr>
  <td class="method">
                  verifyTheErrorMessageWithInValidCredentials
      </td>
  <td class="duration">
    7.028s
  </td>
  <td class="result">
        
          <i>Method arguments: </i><span class="arguments">"abcd@gmail.com", "", "Password is required."</span><br />
    
            <div class="testOutput">
                        Clicking on Sign In Link [[ChromeDriver: chrome on WINDOWS (098e4ce33b1d70337cb36e71094f5af0)] -&gt; xpath: //a[contains(text(),&apos;Sign in&apos;)]]&lt;br&gt;<br />
                                Enter usernameField abcd@gmail.com to username field [[ChromeDriver: chrome on WINDOWS (098e4ce33b1d70337cb36e71094f5af0)] -&gt; id: email]&lt;br&gt;<br />
                                Enter password&nbsp; to password field [[ChromeDriver: chrome on WINDOWS (098e4ce33b1d70337cb36e71094f5af0)] -&gt; id: passwd]&lt;br&gt;<br />
                                Clicking on Sign In Button [[ChromeDriver: chrome on WINDOWS (098e4ce33b1d70337cb36e71094f5af0)] -&gt; id: SubmitLogin]&lt;br&gt;<br />
                                Verifying Error Message Text [[ChromeDriver: chrome on WINDOWS (098e4ce33b1d70337cb36e71094f5af0)] -&gt; xpath: //body/div[@id=&apos;page&apos;]/div[2]/div[1]/div[3]/div[1]/div[1]]&lt;br&gt;<br />
                  </div>
    

      </td>
</tr>
<tr>
  <td class="method">
                  verifyTheErrorMessageWithInValidCredentials
      </td>
  <td class="duration">
    10.059s
  </td>
  <td class="result">
        
          <i>Method arguments: </i><span class="arguments">"abcd@gmail.com", "123456", "Authentication failed."</span><br />
    
            <div class="testOutput">
                        Clicking on Sign In Link [[ChromeDriver: chrome on WINDOWS (7e9d1c113998cc76c0e67f63804de319)] -&gt; xpath: //a[contains(text(),&apos;Sign in&apos;)]]&lt;br&gt;<br />
                                Enter usernameField abcd@gmail.com to username field [[ChromeDriver: chrome on WINDOWS (7e9d1c113998cc76c0e67f63804de319)] -&gt; id: email]&lt;br&gt;<br />
                                Enter password 123456 to password field [[ChromeDriver: chrome on WINDOWS (7e9d1c113998cc76c0e67f63804de319)] -&gt; id: passwd]&lt;br&gt;<br />
                                Clicking on Sign In Button [[ChromeDriver: chrome on WINDOWS (7e9d1c113998cc76c0e67f63804de319)] -&gt; id: SubmitLogin]&lt;br&gt;<br />
                                Verifying Error Message Text [[ChromeDriver: chrome on WINDOWS (7e9d1c113998cc76c0e67f63804de319)] -&gt; xpath: //body/div[@id=&apos;page&apos;]/div[2]/div[1]/div[3]/div[1]/div[1]]&lt;br&gt;<br />
                  </div>
    

      </td>
</tr>
          <tr>
        <td colspan="3" class="group">com.automation.testsuite.WomenCategoryPageTest</td>
      </tr>
            
<tr>
  <td class="method">
                  verifyUserShouldNavigateToWomenCategoryPageSuccessfully
      </td>
  <td class="duration">
    2.082s
  </td>
  <td class="result">
        
    
            <div class="testOutput">
                        Click on Women Tab [[ChromeDriver: chrome on WINDOWS (9465c7229c8bd54fc5f42e9d2a5b1e34)] -&gt; link text: Women]&lt;br&gt;<br />
                                Verifying women text [[ChromeDriver: chrome on WINDOWS (9465c7229c8bd54fc5f42e9d2a5b1e34)] -&gt; xpath: //span[@class=&apos;category-name&apos;]]&lt;br&gt;<br />
                  </div>
    

      </td>
</tr>
      </table>
  
</body>
</html>
